import static com.kms.katalon.core.checkpoint.CheckpointFactory.findCheckpoint
import static com.kms.katalon.core.testcase.TestCaseFactory.findTestCase
import static com.kms.katalon.core.testdata.TestDataFactory.findTestData
import static com.kms.katalon.core.testobject.ObjectRepository.findTestObject
import static com.kms.katalon.core.testobject.ObjectRepository.findWindowsObject
import com.kms.katalon.core.checkpoint.Checkpoint as Checkpoint
import com.kms.katalon.core.cucumber.keyword.CucumberBuiltinKeywords as CucumberKW
import com.kms.katalon.core.mobile.keyword.MobileBuiltInKeywords as Mobile
import com.kms.katalon.core.model.FailureHandling as FailureHandling
import com.kms.katalon.core.testcase.TestCase as TestCase
import com.kms.katalon.core.testdata.TestData as TestData
import com.kms.katalon.core.testng.keyword.TestNGBuiltinKeywords as TestNGKW
import com.kms.katalon.core.testobject.TestObject as TestObject
import com.kms.katalon.core.webservice.keyword.WSBuiltInKeywords as WS
import com.kms.katalon.core.webui.keyword.WebUiBuiltInKeywords as WebUI
import com.kms.katalon.core.windows.keyword.WindowsBuiltinKeywords as Windows
import internal.GlobalVariable as GlobalVariable
import org.openqa.selenium.Keys as Keys

WebUI.openBrowser('')

WebUI.maximizeWindow(FailureHandling.STOP_ON_FAILURE)

WebUI.navigateToUrl(GlobalVariable.URL2)

WebUI.callTestCase(findTestCase('CommonMethods/login_odtaqab'), [:], FailureHandling.STOP_ON_FAILURE)

WebUI.callTestCase(findTestCase('CommonMethods/EmptyCart_RunAt_HP'), [:], FailureHandling.OPTIONAL)

WebUI.click(findTestObject('1vedant/cart/home_button_(header_liverpool)'))

WebUI.callTestCase(findTestCase('CommonMethods/SearchForAProduct_search'), [('searchTerm') : 'bag'], FailureHandling.STOP_ON_FAILURE)

WebUI.click(findTestObject('1vedant/PLP/product2_PLP'), FailureHandling.STOP_ON_FAILURE)

WebUI.click(findTestObject('1vedant/PDP/Colour1_PDP'), FailureHandling.OPTIONAL)

WebUI.click(findTestObject('1vedant/PDP/Size1_PDP'), FailureHandling.OPTIONAL)

WebUI.scrollToPosition(-500, 0)

WebUI.click(findTestObject('1vedant/PDP/StickyBar_Comprar_Ahora_PDP'))

WebUI.click(findTestObject('1vedant/PDP/Bag_PDP'))

WebUI.click(findTestObject('1vedant/cart/comprar'))

WebUI.click(findTestObject('1vedant/CheckOut(CO)/paymentMethod_change_OPC'))

WebUI.delay(5)

WebUI.click(findTestObject('1vedant/Page_/select_vedaCARD_cardPopup'))

WebUI.setText(findTestObject('1vedant/Page_/card_expireDate_cardpopup'), '12/24')

WebUI.setText(findTestObject('1vedant/Page_/card_cvv_cardpopup'), '321')

WebUI.click(findTestObject('1vedant/Page_/continueButton_cardPOPup_CO1'))

'error come when incorrect cvv inentered'
WebUI.verifyElementPresent(findTestObject('1vedant/CheckOut(CO)/enterCardCVV_OPC'), 0)

WebUI.closeBrowser()

